<?xml version="1.0" encoding="UTF-8"?>
<!-- Generated by org.testng.reporters.JUnitReportReporter -->
<testsuite skipped="0" hostname="LAPTOP-A4IM68OL" name="tests.BaseClass" tests="1" failures="0" timestamp="14 Mar 2021 21:59:32 GMT" time="0.008" errors="0">
  <testcase name="demo" time="0.008" classname="tests.BaseClass"/>
</testsuite> <!-- tests.BaseClass -->
