<?xml version="1.0" encoding="UTF-8"?>
<!-- Generated by org.testng.reporters.JUnitReportReporter -->
<testsuite skipped="0" hostname="LAPTOP-A4IM68OL" name="tests.TestCases" tests="4" failures="0" timestamp="30 Mar 2021 08:20:40 GMT" time="91.551" errors="0">
  <testcase name="TC_1_Login" time="28.138" classname="tests.TestCases"/>
  <testcase name="TC_2_SearchProduct" time="31.697" classname="tests.TestCases"/>
  <testcase name="TC_3_CheckOutProduct" time="31.706" classname="tests.TestCases"/>
  <testcase name="TC_4_VerifyProdcutInfo" time="0.010" classname="tests.TestCases"/>
</testsuite> <!-- tests.TestCases -->
