<?xml version="1.0" encoding="UTF-8"?>
<!-- Generated by org.testng.reporters.JUnitReportReporter -->
<testsuite skipped="0" hostname="LAPTOP-A4IM68OL" name="tests.TestCases" tests="4" failures="0" timestamp="16 Mar 2021 12:20:24 GMT" time="82.342" errors="0">
  <testcase name="TC_1_Login" time="19.901" classname="tests.TestCases"/>
  <testcase name="TC_2_SearchProduct" time="28.112" classname="tests.TestCases"/>
  <testcase name="TC_3_CheckOutProduct" time="34.325" classname="tests.TestCases"/>
  <testcase name="TC_4_VerifyProdcutInfo" time="0.004" classname="tests.TestCases"/>
</testsuite> <!-- tests.TestCases -->
